<<<<<<< HEAD
10040:
2.913
2.913
2.913
10:
3.181
3.181
10008:
3.567
3.567
3.567
3.567
3.567
3.567
3.567
0.85
=======
10906:
2.71771003558
3.04771003558
3.39171003558
4.0817100355800005
3.70271003558
3.4827100355800003
3.11071003558
3.46571003558
3.99771003558
3.45971003558
3.43271003558
4.04071003558
4.02771003558
3.71471003558
4.01071003558
3.08571003558
3.80471003558
2.93571003558
3.74171003558
3.62271003558
3.58571003558
3.70571003558
3.25571003558
4.15271003558
4.02971003558
4.58371003558
3.7247100355800002
3.63371003558
4.37571003558
3.14171003558
4.35371003558
3.89171003558
3.92071003558
3.2247100355800002
4.16171003558
3.3777100355800003
3.55071003558
3.89171003558
3.56771003558
3.74171003558
3.9827100355800003
3.23171003558
2.89171003558
3.46371003558
4.2067100355800005
3.72171003558
3.81271003558
3.68071003558
4.31071003558
3.12871003558
4.01771003558
3.77071003558
3.7047100355800002
3.42471003558
3.64871003558
4.39171003558
3.16671003558
2.89171003558
3.32071003558
3.63071003558
3.67771003558
4.34371003558
3.56271003558
2.55071003558
4.03671003558
2.49171003558
4.49171003558
4.10271003558
4.3317100355800005
3.14971003558
3.93471003558
4.22471003558
3.40171003558
3.7407100355800003
3.38771003558
3.35271003558
3.48571003558
4.77171003558
3.45271003558
3.89171003558
3.9227100355799998
3.11771003558
3.54371003558
4.56271003558
3.9987100355800003
4.03771003558
3.65671003558
3.94471003558
2.74671003558
4.04671003558
3.0917100355800002
3.32071003558
3.71871003558
2.97571003558
3.18371003558
3.01971003558
3.40071003558
3.80171003558
4.10371003558
2.92771003558
3.05871003558
4.69171003558
3.01671003558
3.82371003558
3.10271003558
2.93371003558
3.86471003558
3.55271003558
3.50171003558
3.54771003558
3.78071003558
2.84471003558
3.48371003558
3.8697100355800003
3.82071003558
2.87971003558
4.31771003558
3.33271003558
3.64971003558
3.54071003558
3.80171003558
3.51771003558
3.97871003558
3.25571003558
3.3777100355800003
3.52771003558
3.69171003558
2.59471003558
3.39171003558
3.76771003558
4.29971003558
3.89171003558
3.2647100355800003
4.24271003558
3.13471003558
3.92071003558
3.74171003558
3.70971003558
3.6317100355800003
2.65371003558
4.16271003558
3.84371003558
3.50171003558
4.13471003558
3.9727100355800005
2.73471003558
4.21271003558
3.92871003558
2.93771003558
2.7327100355800003
3.78871003558
4.05071003558
3.79071003558
3.40071003558
3.14771003558
3.23571003558
3.15871003558
3.13371003558
4.27271003558
4.02671003558
3.52671003558
3.71771003558
3.00771003558
2.79471003558
3.0957100355800002
3.95271003558
3.40671003558
3.29171003558
4.43671003558
2.9907100355800003
3.34671003558
3.77671003558
3.59071003558
3.89171003558
2.68071003558
3.12271003558
3.39971003558
3.42571003558
3.13871003558
3.19871003558
3.66971003558
3.44271003558
3.68871003558
2.9627100355800002
3.81471003558
3.3297100355800002
3.58671003558
3.9667100355800002
3.52971003558
3.74371003558
3.5797100355800002
3.89171003558
3.82771003558
2.69471003558
4.23471003558
2.41871003558
4.02171003558
3.65171003558
3.31271003558
3.70671003558
2.69171003558
4.05571003558
3.55471003558
3.50171003558
3.61271003558
3.63071003558
2.64671003558
3.74671003558
3.63071003558
2.95671003558
4.34871003558
3.41371003558
3.28571003558
3.06371003558
3.54271003558
3.44971003558
2.35871003558
3.40371003558
2.94871003558
2.9907100355800003
3.41871003558
3.4587100355800002
3.37171003558
3.60971003558
4.30471003558
3.39571003558
4.38071003558
3.60171003558
3.5957100355800002
3.18171003558
3.71771003558
3.43771003558
3.15671003558
4.15171003558
3.41271003558
3.46471003558
3.60971003558
4.10271003558
3.4747100355800002
4.36771003558
3.71571003558
3.35871003558
4.10771003558
3.27471003558
4.05571003558
4.41271003558
3.6117100355800003
2.98871003558
3.47771003558
2.69771003558
3.98671003558
3.37471003558
4.09171003558
3.16471003558
3.40071003558
3.56571003558
3.8497100355800002
3.78771003558
3.1117100355800003
3.35571003558
3.69471003558
3.80871003558
3.50071003558
3.6317100355800003
3.16471003558
3.6157100355800003
3.81471003558
3.88371003558
3.27971003558
3.84271003558
3.32271003558
2.77671003558
3.44671003558
3.12471003558
3.65171003558
3.07671003558
3.52371003558
4.08771003558
3.42471003558
3.53471003558
3.39671003558
3.57771003558
3.44771003558
3.8417100355800002
3.28571003558
4.06971003558
3.79671003558
3.10971003558
3.83571003558
2.72671003558
3.4867100355800003
3.44371003558
3.54271003558
4.59171003558
4.41471003558
2.82771003558
3.9827100355800003
3.11771003558
3.0917100355800002
3.64171003558
3.56871003558
3.2447100355800003
2.85871003558
3.83571003558
3.55371003558
4.22471003558
3.77371003558
3.39171003558
3.2247100355800002
3.40271003558
4.15471003558
3.95471003558
4.72471003558
3.0757100355800002
4.41471003558
3.38271003558
4.81771003558
3.4707100355800002
3.64171003558
2.8577100355800003
3.14671003558
4.30671003558
4.10771003558
3.4747100355800002
3.14371003558
3.86471003558
3.5997100355800002
3.66671003558
3.82371003558
3.77871003558
3.55871003558
3.2247100355800002
3.89171003558
3.8737100355800003
3.4667100355800002
3.32071003558
3.74371003558
3.64171003558
3.4507100355800002
3.54871003558
3.39771003558
3.54771003558
3.93471003558
3.61871003558
3.8297100355800002
3.0957100355800002
3.21871003558
3.47671003558
2.55871003558
3.52771003558
3.74171003558
3.9987100355800003
3.50371003558
3.9857100355800004
4.00671003558
4.33271003558
3.53971003558
3.87571003558
3.39871003558
3.76371003558
3.8857100355800003
3.75571003558
2.9587100355800002
3.35071003558
4.19171003558
3.0997100355800002
3.56171003558
3.41371003558
3.41471003558
3.05271003558
3.2367100355800003
2.76671003558
3.93171003558
3.54571003558
3.75571003558
3.29771003558
2.62171003558
3.61471003558
3.42671003558
3.85071003558
3.79871003558
3.84271003558
3.36771003558
3.91771003558
4.25571003558
2.79171003558
4.06471003558
3.4547100355800002
2.99171003558
3.37971003558
3.20671003558
3.60071003558
3.8457100355800002
4.12571003558
3.55871003558
3.79671003558
4.29571003558
2.59771003558
3.52371003558
3.79371003558
3.60571003558
3.49671003558
4.32371003558
3.9827100355800003
3.43871003558
3.9727100355800005
3.06171003558
3.56771003558
4.79171003558
3.81771003558
3.26671003558
3.24271003558
4.12071003558
3.76171003558
3.29171003558
3.20571003558
3.29471003558
3.66471003558
4.41171003558
3.47371003558
3.37871003558
4.03571003558
3.5757100355800002
3.91571003558
3.5997100355800002
3.2447100355800003
4.04271003558
3.6157100355800003
3.21071003558
3.81871003558
3.17471003558
3.88671003558
3.20271003558
3.45971003558
3.52771003558
3.84671003558
4.04771003558
3.69171003558
2.66971003558
3.41371003558
4.09571003558
3.19171003558
3.90471003558
3.54171003558
3.68071003558
3.64171003558
3.9727100355800005
4.44371003558
3.42971003558
3.25071003558
3.55871003558
2.89171003558
3.80471003558
3.50371003558
3.81871003558
3.36871003558
3.78671003558
4.20071003558
3.64771003558
4.0127100355800005
3.05871003558
2.74371003558
3.58471003558
3.2247100355800002
3.03971003558
4.17571003558
3.41271003558
3.2367100355800003
3.00771003558
3.37471003558
3.6117100355800003
4.36971003558
2.9987100355800003
3.4507100355800002
3.55071003558
3.29171003558
3.98771003558
3.4587100355800002
3.60271003558
4.15971003558
3.04771003558
3.71871003558
3.04571003558
3.54671003558
3.62871003558
3.39171003558
4.19671003558
3.94171003558
3.98971003558
3.69571003558
3.82671003558
3.71571003558
3.39171003558
2.89171003558
3.7487100355800003
3.63871003558
3.8577100355800003
3.17771003558
3.9827100355800003
3.10071003558
4.06371003558
3.39971003558
3.57771003558
3.53471003558
3.66271003558
3.28771003558
2.84371003558
2.99571003558
4.63071003558
4.36571003558
3.89171003558
2.87471003558
3.39171003558
3.9457100355800003
3.57671003558
3.78771003558
4.68671003558
3.9007100355800004
2.94271003558
3.43271003558
3.42971003558
1.89171003558
3.74271003558
3.24571003558
3.54571003558
3.60571003558
3.06671003558
3.49371003558
3.45971003558
3.94171003558
3.25471003558
2.89171003558
3.69171003558
3.73971003558
3.6157100355800003
4.17371003558
4.09871003558
3.37071003558
3.62471003558
3.2327100355800003
3.2247100355800002
4.28171003558
3.4627100355800002
2.5917100355800002
3.40471003558
3.42771003558
3.01671003558
3.42871003558
3.62071003558
3.85271003558
3.28271003558
3.40471003558
3.32171003558
3.36271003558
3.45271003558
3.61871003558
3.19771003558
3.26371003558
3.86271003558
3.03671003558
3.29171003558
3.5027100355800003
3.42971003558
3.83671003558
4.04271003558
2.37671003558
3.27271003558
3.48571003558
3.35071003558
3.21971003558
3.67771003558
3.51671003558
3.28271003558
4.22871003558
3.15471003558
3.75171003558
2.99671003558
2.90371003558
3.38471003558
3.4947100355800003
3.04771003558
2.91871003558
3.83471003558
4.16871003558
4.02971003558
3.32671003558
3.77271003558
3.30471003558
3.89171003558
3.71471003558
3.2247100355800002
3.73971003558
3.67871003558
3.06171003558
3.50071003558
3.52271003558
3.27671003558
3.66971003558
4.12271003558
3.77771003558
3.18371003558
4.43971003558
2.73771003558
3.51271003558
3.46571003558
3.58971003558
3.5757100355800002
3.47371003558
3.51271003558
3.16571003558
4.20071003558
4.1377100355800005
4.26671003558
2.91371003558
3.4747100355800002
4.42271003558
4.07171003558
3.80671003558
3.5107100355800003
3.15671003558
4.2227100355800005
4.08271003558
3.5107100355800003
3.49171003558
3.13371003558
3.12271003558
2.94471003558
3.30371003558
3.88071003558
3.33271003558
3.38071003558
3.05471003558
3.80271003558
3.06671003558
3.7487100355800003
3.17571003558
3.41071003558
4.2467100355800005
3.49171003558
3.0997100355800002
3.34071003558
4.01971003558
3.68871003558
3.37271003558
3.88371003558
4.41071003558
3.21171003558
2.94771003558
3.68771003558
3.3537100355800002
4.12671003558
3.16071003558
4.39171003558
3.26271003558
3.48471003558
3.53071003558
1.9997100355800002
3.9827100355800003
3.15671003558
3.39171003558
3.31271003558
3.25171003558
3.23571003558
4.30071003558
3.54971003558
3.86071003558
3.20171003558
4.40371003558
3.4507100355800002
3.2247100355800002
3.24171003558
4.55871003558
3.4547100355800002
3.38771003558
3.75771003558
3.5877100355800002
3.04871003558
3.40771003558
3.53671003558
3.79671003558
3.15171003558
3.0917100355800002
3.85471003558
4.36971003558
3.6277100355800003
3.56471003558
3.8777100355800003
3.41071003558
3.82471003558
3.86771003558
3.9597100355799997
3.8257100355800002
3.46871003558
4.33471003558
3.4627100355800002
3.45571003558
3.78471003558
3.28971003558
3.9057100355800003
4.17571003558
3.42871003558
3.36271003558
4.12271003558
3.29171003558
3.39671003558
2.96171003558
3.26371003558
3.14771003558
3.74571003558
3.9227100355799998
4.17371003558
2.8777100355800003
3.41971003558
4.51671003558
4.08371003558
3.52071003558
3.3337100355800002
3.64671003558
3.86471003558
2.9747100355800002
3.37571003558
4.22471003558
3.38671003558
3.81071003558
2.99171003558
3.79171003558
3.65071003558
3.24771003558
4.23571003558
3.44671003558
3.6317100355800003
3.81471003558
3.44771003558
4.22071003558
3.44371003558
4.46271003558
3.87671003558
4.25971003558
3.06471003558
3.4627100355800002
3.71871003558
2.42671003558
3.55871003558
3.4547100355800002
3.78871003558
3.92871003558
3.7087100355800002
3.96871003558
3.73471003558
3.9217100355800003
4.11871003558
3.33571003558
3.7247100355800002
3.11271003558
3.68771003558
2.34671003558
3.8697100355800003
3.2207100355800002
3.29171003558
4.11171003558
3.9217100355800003
3.21771003558
3.4747100355800002
3.11371003558
3.32671003558
3.34771003558
3.42871003558
4.14171003558
4.06771003558
3.27671003558
3.93371003558
4.05171003558
3.28371003558
4.25571003558
3.21771003558
3.25071003558
2.64171003558
3.54671003558
3.14171003558
3.8657100355800003
3.45271003558
3.31471003558
3.65071003558
3.79671003558
4.26471003558
4.84371003558
3.41271003558
3.9507100355800002
3.07671003558
3.18771003558
3.58971003558
3.35271003558
3.26971003558
3.89171003558
4.20271003558
3.39871003558
2.89171003558
3.00571003558
2.80071003558
4.32071003558
3.8297100355800002
3.64971003558
3.33071003558
3.82371003558
4.70971003558
3.44371003558
3.65871003558
2.7247100355800002
4.35871003558
3.30971003558
4.64171003558
2.95571003558
3.93471003558
3.75471003558
4.01671003558
4.05871003558
3.31171003558
3.28771003558
3.75871003558
3.26571003558
3.56971003558
3.42871003558
3.6237100355800003
3.43971003558
2.67571003558
3.73371003558
2.82271003558
3.8857100355800003
3.07071003558
3.24771003558
3.36471003558
2.82171003558
3.74171003558
3.14271003558
4.03871003558
4.01671003558
4.17171003558
3.54871003558
3.10271003558
3.66671003558
3.99471003558
3.67371003558
3.89171003558
3.71171003558
3.36071003558
4.20471003558
4.54671003558
3.64171003558
4.09971003558
3.49971003558
3.54171003558
4.47771003558
2.9627100355800002
2.53171003558
3.7407100355800003
3.54471003558
4.1137100355800005
3.2247100355800002
4.02771003558
3.50871003558
3.19871003558
3.27971003558
4.41471003558
2.87271003558
2.75971003558
3.4627100355800002
3.1277100355800003
3.59371003558
3.3817100355800003
3.5027100355800003
4.12571003558
3.62171003558
3.30071003558
4.2627100355800005
3.52371003558
3.54171003558
4.04571003558
3.9277100355799996
3.72971003558
4.67571003558
4.04571003558
3.19471003558
4.22471003558
3.43171003558
4.03071003558
3.56271003558
3.13071003558
3.71871003558
3.0917100355800002
4.30171003558
3.63671003558
3.3777100355800003
2.82771003558
3.04571003558
3.17171003558
3.3817100355800003
3.51671003558
2.81471003558
4.38071003558
3.17971003558
3.87171003558
3.00471003558
3.69571003558
3.68571003558
3.03771003558
3.52271003558
3.4587100355800002
3.17371003558
3.52771003558
3.78071003558
3.21871003558
3.50071003558
3.23971003558
3.7487100355800003
3.82771003558
3.4707100355800002
3.12671003558
3.56371003558
3.69171003558
3.87871003558
3.70671003558
3.5917100355800002
3.30671003558
3.64471003558
3.9597100355799997
3.11271003558
3.76171003558
4.00671003558
4.14171003558
3.16071003558
4.09871003558
3.87971003558
3.30571003558
4.23971003558
3.18271003558
4.07971003558
3.84871003558
2.75571003558
3.78571003558
3.46971003558
3.21971003558
3.08971003558
3.19871003558
2.80071003558
3.35171003558
3.62871003558
3.75571003558
3.37471003558
3.59471003558
3.89171003558
3.2287100355800002
2.79371003558
3.51671003558
3.7287100355800002
3.39071003558
3.35171003558
3.70971003558
3.56371003558
3.47671003558
2.6317100355800003
3.34671003558
2.9627100355800002
3.87171003558
3.18371003558
3.73371003558
3.16771003558
3.92871003558
3.45571003558
3.07871003558
3.34271003558
3.17771003558
3.49171003558
3.52171003558
3.33171003558
3.19171003558
3.1157100355800003
3.43671003558
4.32671003558
4.29171003558
3.49671003558
3.73171003558
3.66271003558
2.0997100355800002
3.14971003558
3.89171003558
4.49471003558
3.60671003558
3.57071003558
3.40171003558
3.77371003558
3.85471003558
2.81071003558
3.33571003558
3.61871003558
3.04171003558
3.79471003558
4.02871003558
3.05871003558
3.14171003558
3.4547100355800002
3.80071003558
3.48971003558
3.53071003558
3.89471003558
3.46071003558
3.94471003558
3.36371003558
3.6157100355800003
3.41171003558
3.82071003558
3.93371003558
4.35171003558
3.44371003558
3.26871003558
3.13671003558
3.62471003558
2.75871003558
3.59871003558
4.44971003558
3.86371003558
3.9137100355800003
3.86471003558
3.75571003558
2.9867100355800003
3.73571003558
4.00071003558
3.77271003558
3.84071003558
3.8617100355800003
2.55871003558
3.23871003558
3.32671003558
3.28871003558
3.35471003558
3.41071003558
3.75971003558
4.12271003558
3.93971003558
3.11271003558
2.4707100355800002
3.32771003558
3.79171003558
3.57271003558
3.30371003558
3.56871003558
3.47771003558
3.7647100355800003
3.30071003558
3.40271003558
4.05871003558
3.26571003558
3.06271003558
3.31571003558
3.88871003558
3.45971003558
3.92871003558
4.03271003558
3.8417100355800002
3.38071003558
3.36271003558
3.4507100355800002
3.10471003558
3.89171003558
4.04371003558
3.14871003558
3.7167100355800002
3.55871003558
2.50071003558
3.74271003558
3.15371003558
3.46971003558
3.44371003558
3.39871003558
3.54371003558
4.36171003558
3.84671003558
4.0817100355800005
3.54571003558
3.4747100355800002
4.13071003558
3.2367100355800003
3.90171003558
3.31071003558
3.10271003558
3.53671003558
3.55371003558
2.85471003558
2.93971003558
3.80071003558
3.73171003558
3.71871003558
3.96271003558
4.15871003558
3.05971003558
3.46571003558
3.48471003558
3.73071003558
3.91271003558
2.85171003558
3.62471003558
3.37271003558
3.44371003558
3.43871003558
3.64571003558
3.1077100355800003
3.84871003558
3.4627100355800002
2.5997100355800002
3.39671003558
2.62971003558
2.46771003558
3.39571003558
3.5797100355800002
3.44771003558
3.45771003558
3.5917100355800002
3.61671003558
2.7487100355800003
2.2127100355800002
2.28971003558
3.2127100355800002
3.16771003558
3.15071003558
3.15671003558
3.02471003558
3.29171003558
3.52771003558
2.8297100355800002
3.61371003558
3.41571003558
3.69171003558
3.39871003558
3.40171003558
3.92671003558
3.82071003558
3.31371003558
3.11771003558
3.53571003558
3.56771003558
4.4727100355800005
2.42071003558
2.99171003558
2.49571003558
2.97171003558
3.41471003558
2.72571003558
3.96571003558
3.27671003558
2.78071003558
3.33571003558
2.5917100355800002
3.55871003558
4.17471003558
4.14371003558
4.36071003558
2.74571003558
3.30671003558
3.05871003558
3.80771003558
3.27371003558
4.56871003558
2.4907100355800003
3.2167100355800002
3.27771003558
4.76671003558
3.51871003558
2.70271003558
3.9967100355800005
4.01671003558
3.27571003558
2.89171003558
3.12871003558
3.0877100355800002
3.17871003558
2.89971003558
3.55671003558
4.29171003558
3.97171003558
2.9547100355800002
3.03771003558
3.60271003558
4.21171003558
3.19671003558
3.75871003558
2.89171003558
3.29271003558
3.96271003558
3.1117100355800003
3.56771003558
2.80171003558
2.91471003558
3.64871003558
3.60271003558
3.5757100355800002
3.95471003558
3.44771003558
3.70971003558
3.76671003558
3.01671003558
3.9697100355800004
3.66971003558
3.85571003558
3.34771003558
3.7607100355800003
3.16971003558
3.44071003558
3.30371003558
3.34871003558
3.33171003558
3.59871003558
2.98771003558
2.53871003558
3.00471003558
3.62271003558
3.58071003558
3.84671003558
3.39871003558
3.62971003558
3.40671003558
3.66571003558
3.83471003558
2.5837100355800002
2.67371003558
3.31271003558
3.20171003558
3.21171003558
3.60871003558
4.13471003558
3.55871003558
4.22571003558
3.36771003558
3.69871003558
3.3857100355800003
3.64171003558
3.25571003558
4.01971003558
3.75871003558
4.1057100355800005
3.38671003558
2.86671003558
2.94571003558
3.79771003558
3.26271003558
3.12971003558
2.53071003558
3.2407100355800003
3.64171003558
3.66071003558
3.39871003558
3.5917100355800002
4.13671003558
3.31871003558
2.7487100355800003
3.60571003558
3.77371003558
4.14171003558
3.39171003558
2.8377100355800002
3.01871003558
1.74871003558
4.16471003558
3.17471003558
3.67971003558
3.24671003558
3.41471003558
3.48471003558
2.89171003558
2.9787100355800002
3.69871003558
4.70871003558
3.15571003558
3.28771003558
3.6037100355800002
3.95471003558
2.92871003558
3.9647100355800005
3.54671003558
3.0107100355800003
4.17971003558
3.14671003558
3.56671003558
2.40071003558
3.0917100355800002
3.28271003558
3.49771003558
3.52371003558
2.97571003558
4.21771003558
3.55871003558
3.78071003558
3.05871003558
3.64171003558
3.17971003558
3.47771003558
3.77271003558
3.34771003558
3.96271003558
3.27671003558
3.29171003558
2.80671003558
4.05371003558
3.2327100355800003
3.67171003558
3.9917100355799997
3.53071003558
3.67071003558
4.56371003558
2.94471003558
2.81171003558
3.04571003558
3.9667100355800002
3.2247100355800002
3.1317100355800003
3.74571003558
3.96571003558
3.62971003558
2.99771003558
4.28471003558
3.52571003558
3.66771003558
2.4747100355800002
3.02671003558
3.42871003558
3.10571003558
3.55871003558
2.43971003558
3.16571003558
3.15471003558
2.60271003558
4.18671003558
2.71571003558
4.19671003558
3.9667100355800002
3.33971003558
3.70971003558
3.92371003558
3.51271003558
3.12271003558
4.06071003558
3.19871003558
3.33671003558
3.04871003558
3.12671003558
3.05471003558
3.65671003558
4.10471003558
2.61471003558
4.05671003558
3.01671003558
3.36771003558
3.66471003558
2.60571003558
3.19971003558
3.17471003558
4.11171003558
4.27371003558
4.42471003558
2.96571003558
3.11871003558
3.39471003558
2.51271003558
3.15871003558
3.02771003558
4.18071003558
4.02271003558
3.39171003558
1.00
>>>>>>> dev
